<?xml version="1.0" encoding="UTF-8"?>
<!-- Generated by org.testng.reporters.JUnitReportReporter -->
<testsuite skipped="0" hostname="DESKTOP-7J0E1U4" name="test.SideNavigationTest" tests="1" failures="0" timestamp="2021-05-31T20:23:10 CDT" time="9.994" errors="0">
  <testcase name="sidenavigationTest" time="9.994" classname="test.SideNavigationTest"/>
  <system-out/>
</testsuite> <!-- test.SideNavigationTest -->
