<?xml version="1.0" encoding="UTF-8"?>
<!-- Generated by org.testng.reporters.JUnitReportReporter -->
<testsuite skipped="0" hostname="DESKTOP-7J0E1U4" name="test.LaunchBrowserTest" tests="1" failures="0" timestamp="2021-05-31T15:00:58 CDT" time="6.316" errors="0">
  <testcase name="launchBrowser" time="6.316" classname="test.LaunchBrowserTest"/>
  <system-out/>
</testsuite> <!-- test.LaunchBrowserTest -->
