<?xml version="1.0" encoding="UTF-8"?>
<!-- Generated by org.testng.reporters.JUnitReportReporter -->
<testsuite skipped="0" hostname="DESKTOP-7J0E1U4" name="test.LoginInToWebsiteTest" tests="1" failures="0" timestamp="2021-05-31T16:16:16 CDT" time="10.470" errors="0">
  <testcase name="loginIntoWebsite" time="10.470" classname="test.LoginInToWebsiteTest"/>
  <system-out/>
</testsuite> <!-- test.LoginInToWebsiteTest -->
